This is pdfTeX, Version 3.14159265-2.6-1.40.20 (TeX Live 2019/Debian) (preloaded format=pdflatex 2020.9.2)  8 JAN 2021 20:41
entering extended mode
 restricted \write18 enabled.
 %&-line parsing enabled.
**template2.tex
(./template2.tex
LaTeX2e <2020-02-02> patch level 2
L3 programming layer <2020-02-14>

LaTeX Warning: You have requested package `',
               but the package provides `svjour'.

Package: svjour 2003/04/15 
LaTeX document class for Springer journals - version 1.11

! LaTeX Error: Command \@ already defined.
               Or name \end... illegal, see p.192 of the manual.

See the LaTeX manual or LaTeX Companion for explanation.
Type  H <return>  for immediate help.
 ...                                              
                                                  
l.25 \newcommand\@p
                   tsize{}
? 

! LaTeX Error: Missing \begin{document}.

See the LaTeX manual or LaTeX Companion for explanation.
Type  H <return>  for immediate help.
 ...                                              
                                                  
l.25 \newcommand\@pt
                    size{}
? 
Missing character: There is no t in font nullfont!
Missing character: There is no s in font nullfont!
Missing character: There is no i in font nullfont!
Missing character: There is no z in font nullfont!
Missing character: There is no e in font nullfont!
Missing character: There is no @ in font nullfont!
Missing character: There is no r in font nullfont!
Missing character: There is no e in font nullfont!
Missing character: There is no s in font nullfont!
Missing character: There is no t in font nullfont!
Missing character: There is no o in font nullfont!
Missing character: There is no n in font nullfont!
Missing character: There is no e in font nullfont!
Missing character: There is no c in font nullfont!
Missing character: There is no o in font nullfont!
Missing character: There is no l in font nullfont!
Missing character: There is no @ in font nullfont!
Missing character: There is no t in font nullfont!
Missing character: There is no i in font nullfont!
Missing character: There is no t in font nullfont!
Missing character: There is no l in font nullfont!
Missing character: There is no e in font nullfont!
Missing character: There is no p in font nullfont!
Missing character: There is no a in font nullfont!
Missing character: There is no g in font nullfont!
Missing character: There is no e in font nullfont!
Missing character: There is no t in font nullfont!
Missing character: There is no i in font nullfont!
Missing character: There is no t in font nullfont!
Missing character: There is no l in font nullfont!
Missing character: There is no e in font nullfont!
Missing character: There is no p in font nullfont!
Missing character: There is no a in font nullfont!
Missing character: There is no g in font nullfont!
Missing character: There is no e in font nullfont!
Missing character: There is no f in font nullfont!
Missing character: There is no a in font nullfont!
Missing character: There is no l in font nullfont!
Missing character: There is no s in font nullfont!
Missing character: There is no e in font nullfont!

Overfull \hbox (20.0pt too wide) in paragraph at lines 25--44
[]
 []


! LaTeX Error: Missing \begin{document}.

See the LaTeX manual or LaTeX Companion for explanation.
Type  H <return>  for immediate help.
 ...                                              
                                                  
l.46 \let\if@m
              athematic\iftrue
? 
Missing character: There is no m in font nullfont!
Missing character: There is no a in font nullfont!
Missing character: There is no t in font nullfont!
Missing character: There is no h in font nullfont!
Missing character: There is no e in font nullfont!
Missing character: There is no m in font nullfont!
Missing character: There is no a in font nullfont!
Missing character: There is no t in font nullfont!
Missing character: There is no i in font nullfont!
Missing character: There is no c in font nullfont!
Missing character: There is no n in font nullfont!
Missing character: There is no u in font nullfont!
Missing character: There is no m in font nullfont!
Missing character: There is no b in font nullfont!
Missing character: There is no o in font nullfont!
Missing character: There is no o in font nullfont!
Missing character: There is no k in font nullfont!
Missing character: There is no @ in font nullfont!
Missing character: There is no @ in font nullfont!
Missing character: There is no e in font nullfont!
Missing character: There is no n in font nullfont!
Missing character: There is no v in font nullfont!
Missing character: There is no c in font nullfont!
Missing character: There is no n in font nullfont!
Missing character: There is no t in font nullfont!
Missing character: There is no s in font nullfont!
Missing character: There is no e in font nullfont!
Missing character: There is no c in font nullfont!
Missing character: There is no t in font nullfont!
! Extra \else.
l.785    \else
               % nicht mit section numeriert
? 
Missing character: There is no @ in font nullfont!
Missing character: There is no @ in font nullfont!
Missing character: There is no e in font nullfont!
Missing character: There is no n in font nullfont!
Missing character: There is no v in font nullfont!
Missing character: There is no c in font nullfont!
Missing character: There is no n in font nullfont!
Missing character: There is no t in font nullfont!
Missing character: There is no r in font nullfont!
Missing character: There is no e in font nullfont!
Missing character: There is no s in font nullfont!
Missing character: There is no e in font nullfont!
Missing character: There is no t in font nullfont!
! Extra \else.
l.789       \else
                 
? 
Missing character: There is no w in font nullfont!
Missing character: There is no t in font nullfont!
Missing character: There is no h in font nullfont!
Missing character: There is no e in font nullfont!
Missing character: There is no o in font nullfont!
Missing character: There is no r in font nullfont!
Missing character: There is no e in font nullfont!
Missing character: There is no m in font nullfont!
Missing character: There is no = in font nullfont!
Missing character: There is no s in font nullfont!
Missing character: There is no p in font nullfont!
Missing character: There is no y in font nullfont!
Missing character: There is no n in font nullfont!
Missing character: There is no t in font nullfont!
Missing character: There is no h in font nullfont!
Missing character: There is no m in font nullfont!
! Extra \fi.
l.793 \fi
         
? 
Missing character: There is no @ in font nullfont!
Missing character: There is no @ in font nullfont!
Missing character: There is no w in font nullfont!
Missing character: There is no t in font nullfont!
Missing character: There is no h in font nullfont!
Missing character: There is no e in font nullfont!
Missing character: There is no o in font nullfont!
Missing character: There is no r in font nullfont!
Missing character: There is no e in font nullfont!
Missing character: There is no m in font nullfont!
Missing character: There is no c in font nullfont!
Missing character: There is no a in font nullfont!
Missing character: There is no s in font nullfont!
Missing character: There is no e in font nullfont!
Missing character: There is no C in font nullfont!
Missing character: There is no a in font nullfont!
Missing character: There is no s in font nullfont!
Missing character: There is no e in font nullfont!
Missing character: There is no @ in font nullfont!
Missing character: There is no > in font nullfont!
Missing character: There is no > in font nullfont!
! Extra else.
is@range ...->if >#2expandafter check@single else 
                                                  expandafter check@range fi 
l.794 \spn@wtheorem{case}{Case}{\itshape
                                        }{\rmfamily}
? 
! Missing number, treated as zero.
<to be read again> 
                   def 
l.794 \spn@wtheorem{case}{Case}{\itshape
                                        }{\rmfamily}
? 
! Illegal unit of measure (pt inserted).
<to be read again> 
                   def 
l.794 \spn@wtheorem{case}{Case}{\itshape
                                        }{\rmfamily}
? 
Missing character: There is no @ in font nullfont!
Missing character: There is no > in font nullfont!
Missing character: There is no > in font nullfont!
! Extra else.
is@range ...->if >#2expandafter check@single else 
                                                  expandafter check@range fi 
l.794 \spn@wtheorem{case}{Case}{\itshape
                                        }{\rmfamily}
? 
! Missing number, treated as zero.
<to be read again> 
                   def 
l.794 \spn@wtheorem{case}{Case}{\itshape
                                        }{\rmfamily}
? 
! Illegal unit of measure (pt inserted).
<to be read again> 
                   def 
l.794 \spn@wtheorem{case}{Case}{\itshape
                                        }{\rmfamily}
? 
Missing character: There is no @ in font nullfont!
Missing character: There is no > in font nullfont!
Missing character: There is no > in font nullfont!
! Extra else.
is@range ...->if >#2expandafter check@single else 
                                                  expandafter check@range fi 
l.794 \spn@wtheorem{case}{Case}{\itshape
                                        }{\rmfamily}
? 
! Missing number, treated as zero.
<to be read again> 
                   def 
l.794 \spn@wtheorem{case}{Case}{\itshape
                                        }{\rmfamily}
? 
! Illegal unit of measure (pt inserted).
<to be read again> 
                   def 
l.794 \spn@wtheorem{case}{Case}{\itshape
                                        }{\rmfamily}
? 
Missing character: There is no @ in font nullfont!
Missing character: There is no > in font nullfont!
Missing character: There is no > in font nullfont!
! Extra else.
is@range ...->if >#2expandafter check@single else 
                                                  expandafter check@range fi 
l.794 \spn@wtheorem{case}{Case}{\itshape
                                        }{\rmfamily}
? 
! Missing number, treated as zero.
<to be read again> 
                   def 
l.794 \spn@wtheorem{case}{Case}{\itshape
                                        }{\rmfamily}
? 
! Illegal unit of measure (pt inserted).
<to be read again> 
                   def 
l.794 \spn@wtheorem{case}{Case}{\itshape
                                        }{\rmfamily}
? 
Missing character: There is no @ in font nullfont!
Missing character: There is no > in font nullfont!
Missing character: There is no > in font nullfont!
! Extra else.
is@range ...->if >#2expandafter check@single else 
                                                  expandafter check@range fi 
l.794 \spn@wtheorem{case}{Case}{\itshape
                                        }{\rmfamily}
? 
! Missing number, treated as zero.
<to be read again> 
                   def 
l.794 \spn@wtheorem{case}{Case}{\itshape
                                        }{\rmfamily}
? 
! Illegal unit of measure (pt inserted).
<to be read again> 
                   def 
l.794 \spn@wtheorem{case}{Case}{\itshape
                                        }{\rmfamily}
? 
Missing character: There is no @ in font nullfont!
Missing character: There is no > in font nullfont!
Missing character: There is no > in font nullfont!
! Extra else.
is@range ...->if >#2expandafter check@single else 
                                                  expandafter check@range fi 
l.794 \spn@wtheorem{case}{Case}{\itshape
                                        }{\rmfamily}
? 
! Missing number, treated as zero.
<to be read again> 
                   def 
l.794 \spn@wtheorem{case}{Case}{\itshape
                                        }{\rmfamily}
? 
! Illegal unit of measure (pt inserted).
<to be read again> 
                   def 
l.794 \spn@wtheorem{case}{Case}{\itshape
                                        }{\rmfamily}
? 
Missing character: There is no @ in font nullfont!
Missing character: There is no > in font nullfont!
Missing character: There is no > in font nullfont!
! Extra else.
is@range ...->if >#2expandafter check@single else 
                                                  expandafter check@range fi 
l.794 \spn@wtheorem{case}{Case}{\itshape
                                        }{\rmfamily}
? 
! Missing number, treated as zero.
<to be read again> 
                   def 
l.794 \spn@wtheorem{case}{Case}{\itshape
                                        }{\rmfamily}
? 
! Illegal unit of measure (pt inserted).
<to be read again> 
                   def 
l.794 \spn@wtheorem{case}{Case}{\itshape
                                        }{\rmfamily}
? 
Missing character: There is no @ in font nullfont!
Missing character: There is no > in font nullfont!
Missing character: There is no > in font nullfont!
! Extra else.
is@range ...->if >#2expandafter check@single else 
                                                  expandafter check@range fi 
l.794 \spn@wtheorem{case}{Case}{\itshape
                                        }{\rmfamily}
? 
! Missing number, treated as zero.
<to be read again> 
                   def 
l.794 \spn@wtheorem{case}{Case}{\itshape
                                        }{\rmfamily}
? 
! Interruption.
ifnot@nil #1->def 
                  reserved@a {#1}ifx reserved@a @nnil expandafter @gobble el...
l.794 \spn@wtheorem{case}{Case}{\itshape
                                        }{\rmfamily}
? exit
 
Here is how much of TeX's memory you used:
 30 strings out of 481239
 501 string characters out of 5920378
 236562 words of memory out of 5000000
 15398 multiletter control sequences out of 15000+600000
 532338 words of font info for 24 fonts, out of 8000000 for 9000
 1141 hyphenation exceptions out of 8191
 24i,0n,57p,96b,31s stack positions out of 5000i,500n,10000p,200000b,80000s
No pages of output.
PDF statistics:
 0 PDF objects out of 1000 (max. 8388607)
 0 named destinations out of 1000 (max. 500000)
 1 words of extra memory for PDF output out of 10000 (max. 10000000)

